1603485277226	geckodriver	INFO	Listening on 127.0.0.1:51616
1603485280346	mozrunner::runner	INFO	Running command: "C:\\Program Files (x86)\\Mozilla Firefox\\firefox.exe" "--marionette" "-foreground" "-no-remote" "-profile" "C:\\Users\\farad\\AppData\\Local\\Temp\\rust_mozprofileKUTsjY"
Can't find symbol 'eglSwapBuffersWithDamageEXT'.
JavaScript error: resource://gre/modules/XULStore.jsm, line 66: Error: Can't find profile directory.
console.error: SearchCache: "_readCacheFile: Error reading cache file:" (new Error("", "(unknown module)"))
1603485283820	Marionette	INFO	Listening on port 51624
1603485284074	Marionette	WARN	TLS certificate errors will be ignored for this session
JavaScript error: https://cecind123.github.io/DEATHBATTLE-master/Web%20server%20files/project.js, line 31: TypeError: response.image is undefined
JavaScript error: https://cecind123.github.io/DEATHBATTLE-master/Web%20server%20files/project.js, line 31: TypeError: response.image is undefined
1603487444390	Marionette	INFO	Stopped listening on port 51624
console.warn: "IGNORED REDUX ACTION:" "AUTOCOMPLETE_CLEAR"

###!!! [Child][RunMessage] Error: Channel closing: too late to send/recv, messages will be lost


###!!! [Child][MessageChannel::SendAndWait] Error: Channel error: cannot send/recv

1603490636585	geckodriver	INFO	Listening on 127.0.0.1:52485
1603490639640	mozrunner::runner	INFO	Running command: "C:\\Program Files (x86)\\Mozilla Firefox\\firefox.exe" "--marionette" "-foreground" "-no-remote" "-profile" "C:\\Users\\farad\\AppData\\Local\\Temp\\rust_mozprofileXrPf7S"
Can't find symbol 'eglSwapBuffersWithDamageEXT'.
JavaScript error: resource://gre/modules/XULStore.jsm, line 66: Error: Can't find profile directory.
console.error: SearchCache: "_readCacheFile: Error reading cache file:" (new Error("", "(unknown module)"))
1603490643021	Marionette	INFO	Listening on port 52493
1603490643338	Marionette	WARN	TLS certificate errors will be ignored for this session
JavaScript error: https://cecind123.github.io/DEATHBATTLE-master/Web%20server%20files/project.js, line 31: TypeError: response.image is undefined
JavaScript error: https://cecind123.github.io/DEATHBATTLE-master/Web%20server%20files/project.js, line 399: TypeError: response.image is undefined
JavaScript error: https://cecind123.github.io/DEATHBATTLE-master/Web%20server%20files/project.js, line 31: TypeError: response.image is undefined
1603493756398	Marionette	INFO	Stopped listening on port 52493

###!!! [Child][MessageChannel::SendAndWait] Error: Channel error: cannot send/recv

1603494014896	geckodriver	INFO	Listening on 127.0.0.1:52830
1603494017973	mozrunner::runner	INFO	Running command: "C:\\Program Files (x86)\\Mozilla Firefox\\firefox.exe" "--marionette" "-foreground" "-no-remote" "-profile" "C:\\Users\\farad\\AppData\\Local\\Temp\\rust_mozprofileJoPlmd"
Can't find symbol 'eglSwapBuffersWithDamageEXT'.
JavaScript error: resource://gre/modules/XULStore.jsm, line 66: Error: Can't find profile directory.
console.error: SearchCache: "_readCacheFile: Error reading cache file:" (new Error("", "(unknown module)"))
1603494022223	Marionette	INFO	Listening on port 52838
1603494022333	Marionette	WARN	TLS certificate errors will be ignored for this session
1603494439995	Marionette	INFO	Stopped listening on port 52838

###!!! [Child][RunMessage] Error: Channel closing: too late to send/recv, messages will be lost


###!!! [Child][MessageChannel::SendAndWait] Error: Channel error: cannot send/recv

